<?xml version="1.0" encoding="UTF-8"?>
<!-- Generated by org.testng.reporters.JUnitReportReporter -->
<testsuite hostname="DESKTOP-6MLLQVA" failures="0" tests="4" name="TestCases.Test1" time="5.998" errors="0" timestamp="2022-07-20T21:32:57 IST" skipped="0">
  <testcase classname="TestCases.Test1" name="tc4" time="0.363"/>
  <system-out/>
  <testcase classname="TestCases.Test1" name="tc2" time="1.956"/>
  <system-out/>
  <testcase classname="TestCases.Test1" name="tc3" time="0.632"/>
  <system-out/>
  <testcase classname="TestCases.Test1" name="tc1" time="3.047"/>
  <system-out/>
</testsuite> <!-- TestCases.Test1 -->
