<?xml version="1.0" encoding="UTF-8"?>
<!-- Generated by org.testng.reporters.JUnitReportReporter -->
<testsuite hostname="DESKTOP-6MLLQVA" failures="0" tests="4" name="TestCases.Test1" time="2.896" errors="0" timestamp="2022-07-20T20:50:00 IST" skipped="0">
  <testcase classname="TestCases.Test1" name="tc4" time="0.352"/>
  <system-out/>
  <testcase classname="TestCases.Test1" name="tc2" time="0.961"/>
  <system-out/>
  <testcase classname="TestCases.Test1" name="tc3" time="0.612"/>
  <system-out/>
  <testcase classname="TestCases.Test1" name="tc1" time="0.971"/>
  <system-out/>
</testsuite> <!-- TestCases.Test1 -->
