<?xml version="1.0" encoding="UTF-8"?>
<!-- Generated by org.testng.reporters.JUnitReportReporter -->
<testsuite hostname="DESKTOP-6MLLQVA" failures="0" tests="4" name="TestCases.Test1" time="2.944" errors="0" timestamp="2022-07-20T20:45:21 IST" skipped="0">
  <testcase classname="TestCases.Test1" name="tc4" time="0.351"/>
  <system-out/>
  <testcase classname="TestCases.Test1" name="tc2" time="0.978"/>
  <system-out/>
  <testcase classname="TestCases.Test1" name="tc3" time="0.622"/>
  <system-out/>
  <testcase classname="TestCases.Test1" name="tc1" time="0.993"/>
  <system-out/>
</testsuite> <!-- TestCases.Test1 -->
