<?xml version="1.0" encoding="UTF-8"?>
<!-- Generated by org.testng.reporters.JUnitReportReporter -->
<testsuite hostname="DESKTOP-6MLLQVA" failures="0" tests="4" name="TestCases.Test1" time="2.876" errors="0" timestamp="2022-07-21T09:44:47 IST" skipped="0">
  <testcase classname="TestCases.Test1" name="tc4" time="0.369"/>
  <system-out/>
  <testcase classname="TestCases.Test1" name="tc3" time="0.600"/>
  <system-out/>
  <testcase classname="TestCases.Test1" name="tc2" time="0.963"/>
  <system-out/>
  <testcase classname="TestCases.Test1" name="tc1" time="0.944"/>
  <system-out/>
</testsuite> <!-- TestCases.Test1 -->
